<?xml version="1.0" encoding="UTF-8"?>
<testng-results ignored="0" total="1" passed="1" failed="0" skipped="0">
  <reporter-output>
    <line>
      <![CDATA[login]]>
    </line>
    <line>
      <![CDATA[createcustomer]]>
    </line>
    <line>
      <![CDATA[logout]]>
    </line>
    <line>
      <![CDATA[closing browser]]>
    </line>
  </reporter-output>
  <suite started-at="2023-07-21T14:32:46 IST" name="Default suite" finished-at="2023-07-21T14:33:12 IST" duration-ms="26896">
    <groups>
    </groups>
    <test started-at="2023-07-21T14:32:46 IST" name="Default test" finished-at="2023-07-21T14:33:12 IST" duration-ms="26896">
      <class name="com.actitime.testscript.CustomerModule">
        <test-method is-config="true" signature="openBrowser()[pri:0, instance:com.actitime.testscript.CustomerModule@3b0090a4]" started-at="2023-07-21T14:32:46 IST" name="openBrowser" finished-at="2023-07-21T14:32:48 IST" duration-ms="2728" status="PASS">
          <reporter-output>
          </reporter-output>
        </test-method> <!-- openBrowser -->
        <test-method is-config="true" signature="login()[pri:0, instance:com.actitime.testscript.CustomerModule@3b0090a4]" started-at="2023-07-21T14:32:48 IST" name="login" finished-at="2023-07-21T14:33:00 IST" duration-ms="11809" status="PASS">
          <reporter-output>
            <line>
              <![CDATA[login]]>
            </line>
          </reporter-output>
        </test-method> <!-- login -->
        <test-method signature="testcreatecustomer()[pri:0, instance:com.actitime.testscript.CustomerModule@3b0090a4]" started-at="2023-07-21T14:33:00 IST" name="testcreatecustomer" finished-at="2023-07-21T14:33:10 IST" duration-ms="10303" status="PASS">
          <reporter-output>
            <line>
              <![CDATA[createcustomer]]>
            </line>
          </reporter-output>
        </test-method> <!-- testcreatecustomer -->
        <test-method is-config="true" signature="logout()[pri:0, instance:com.actitime.testscript.CustomerModule@3b0090a4]" started-at="2023-07-21T14:33:10 IST" name="logout" finished-at="2023-07-21T14:33:12 IST" duration-ms="1704" status="PASS">
          <reporter-output>
            <line>
              <![CDATA[logout]]>
            </line>
          </reporter-output>
        </test-method> <!-- logout -->
        <test-method is-config="true" signature="closebrowser()[pri:0, instance:com.actitime.testscript.CustomerModule@3b0090a4]" started-at="2023-07-21T14:33:12 IST" name="closebrowser" finished-at="2023-07-21T14:33:12 IST" duration-ms="271" status="PASS">
          <reporter-output>
            <line>
              <![CDATA[closing browser]]>
            </line>
          </reporter-output>
        </test-method> <!-- closebrowser -->
      </class> <!-- com.actitime.testscript.CustomerModule -->
    </test> <!-- Default test -->
  </suite> <!-- Default suite -->
</testng-results>
